<?xml version="1.0" encoding="UTF-8"?>
<!-- Generated by org.testng.reporters.JUnitReportReporter -->
<testsuite hostname="Chaitanya" failures="0" tests="3" name="org.testngReports.TestNgDenoReports" time="0.022" errors="0" timestamp="2024-06-25T18:33:28 IST" skipped="0">
  <testcase classname="org.testngReports.TestNgDenoReports" name="Report_test1" time="0.020">
    <system-out>
      <![CDATA[Logging from test method Report_test1]]>
    </system-out>
  </testcase> <!-- Report_test1 -->
  <testcase classname="org.testngReports.TestNgDenoReports" name="Report_test3" time="0.001">
    <system-out>
      <![CDATA[Logging from test method Report_test3]]>
    </system-out>
  </testcase> <!-- Report_test3 -->
  <testcase classname="org.testngReports.TestNgDenoReports" name="Report_test2" time="0.001">
    <system-out>
      <![CDATA[Logging from test method Report_test2]]>
    </system-out>
  </testcase> <!-- Report_test2 -->
  <system-out>
    <![CDATA[Logging from test method Report_test1
Logging from test method Report_test2
Logging from test method Report_test3]]>
  </system-out>
</testsuite> <!-- org.testngReports.TestNgDenoReports -->
